[debug] [2023-09-28T10:01:02.415Z] ----------------------------------------------------------------------
[debug] [2023-09-28T10:01:02.421Z] Command:       C:\node32\node.exe C:\node32\node_modules\firebase-tools\lib\bin\firebase.js init
[debug] [2023-09-28T10:01:02.422Z] CLI Version:   12.6.0
[debug] [2023-09-28T10:01:02.423Z] Platform:      win32
[debug] [2023-09-28T10:01:02.424Z] Node Version:  v16.20.1
[debug] [2023-09-28T10:01:02.426Z] Time:          Thu Sep 28 2023 15:31:02 GMT+0530 (India Standard Time)
[debug] [2023-09-28T10:01:02.426Z] ----------------------------------------------------------------------
[debug] 
[debug] [2023-09-28T10:01:02.661Z] > command requires scopes: ["email","openid","https://www.googleapis.com/auth/cloudplatformprojects.readonly","https://www.googleapis.com/auth/firebase","https://www.googleapis.com/auth/cloud-platform"]
[debug] [2023-09-28T10:01:02.662Z] > authorizing via signed-in user (manthan1809@gmail.com)
[info] 
     ######## #### ########  ######## ########     ###     ######  ########
     ##        ##  ##     ## ##       ##     ##  ##   ##  ##       ##
     ######    ##  ########  ######   ########  #########  ######  ######
     ##        ##  ##    ##  ##       ##     ## ##     ##       ## ##
     ##       #### ##     ## ######## ########  ##     ##  ######  ########

You're about to initialize a Firebase project in this directory:

  C:\React\BlogProject

Before we get started, keep in mind:

  * You are currently outside your home directory
  * You are initializing within an existing Firebase project directory

[info] 
=== Project Setup
[info] 
[info] First, let's associate this project directory with a Firebase project.
[info] You can create multiple project aliases by running firebase use --add, 
[info] but for now we'll just set up a default project.
[info] 
[debug] [2023-09-28T10:01:47.810Z] Using project from CLI flag: blogproject-e5ad7
[debug] [2023-09-28T10:01:47.824Z] > refreshing access token with scopes: []
[debug] [2023-09-28T10:01:47.833Z] >>> [apiv2][query] POST https://www.googleapis.com/oauth2/v3/token [none]
[debug] [2023-09-28T10:01:47.835Z] >>> [apiv2][body] POST https://www.googleapis.com/oauth2/v3/token [omitted]
[debug] [2023-09-28T10:01:49.619Z] <<< [apiv2][status] POST https://www.googleapis.com/oauth2/v3/token 200
[debug] [2023-09-28T10:01:49.620Z] <<< [apiv2][body] POST https://www.googleapis.com/oauth2/v3/token [omitted]
[debug] [2023-09-28T10:01:49.844Z] >>> [apiv2][query] GET https://firebase.googleapis.com/v1beta1/projects/blogproject-e5ad7 [none]
[debug] [2023-09-28T10:01:50.664Z] <<< [apiv2][status] GET https://firebase.googleapis.com/v1beta1/projects/blogproject-e5ad7 200
[debug] [2023-09-28T10:01:50.665Z] <<< [apiv2][body] GET https://firebase.googleapis.com/v1beta1/projects/blogproject-e5ad7 {"projectId":"blogproject-e5ad7","projectNumber":"994173997959","displayName":"Blogproject","name":"projects/blogproject-e5ad7","resources":{"hostingSite":"blogproject-e5ad7"},"state":"ACTIVE","etag":"1_61e5dbad-2997-451e-8028-a8ace6c47fb9"}
[info] i  Using project blogproject-e5ad7 (Blogproject) 
[info] 
=== Hosting Setup
[info] 
[info] Your public directory is the folder (relative to your project directory) that
[info] will contain Hosting assets to be uploaded with firebase deploy. If you
[info] have a build process for your assets, use your build's output directory.
[info] 
